[debug] [2021-03-05T16:32:24.895Z] ----------------------------------------------------------------------
[debug] [2021-03-05T16:32:24.899Z] Command:       C:\Program Files\nodejs\node.exe C:\Users\ecv\AppData\Roaming\npm\node_modules\firebase-tools\lib\bin\firebase.js emulators:start --only functions
[debug] [2021-03-05T16:32:24.899Z] CLI Version:   9.3.0
[debug] [2021-03-05T16:32:24.899Z] Platform:      win32
[debug] [2021-03-05T16:32:24.899Z] Node Version:  v12.18.0
[debug] [2021-03-05T16:32:24.900Z] Time:          Fri Mar 05 2021 17:32:24 GMT+0100 (GMT+01:00)
[debug] [2021-03-05T16:32:24.901Z] ----------------------------------------------------------------------
[debug] [2021-03-05T16:32:24.901Z] 
[debug] [2021-03-05T16:32:24.916Z] > command requires scopes: ["email","openid","https://www.googleapis.com/auth/cloudplatformprojects.readonly","https://www.googleapis.com/auth/firebase","https://www.googleapis.com/auth/cloud-platform"]
[debug] [2021-03-05T16:32:24.917Z] > authorizing via signed-in user
[info] i  emulators: Starting emulators: functions {"metadata":{"emulator":{"name":"hub"},"message":"Starting emulators: functions"}}
[debug] [2021-03-05T16:32:26.996Z] [hub] writing locator at C:\Users\ecv\AppData\Local\Temp\hub-toppturinfo.json
[warn] !  functions: The following emulators are not running, calls to these services from the Functions emulator will affect production: auth, firestore, database, hosting, pubsub {"metadata":{"emulator":{"name":"functions"},"message":"The following emulators are not running, calls to these services from the Functions emulator will affect production: \u001b[1mauth, firestore, database, hosting, pubsub\u001b[22m"}}
[info] +  functions: Using node@12 from host. {"metadata":{"emulator":{"name":"functions"},"message":"Using node@12 from host."}}
[debug] [2021-03-05T16:32:29.049Z] defaultcredentials: writing to file C:\Users\ecv\AppData\Roaming\firebase\ecvebbesen_gmail_com_application_default_credentials.json
[debug] [2021-03-05T16:32:29.053Z] Setting GAC to C:\Users\ecv\AppData\Roaming\firebase\ecvebbesen_gmail_com_application_default_credentials.json {"metadata":{"emulator":{"name":"functions"},"message":"Setting GAC to C:\\Users\\ecv\\AppData\\Roaming\\firebase\\ecvebbesen_gmail_com_application_default_credentials.json"}}
[debug] [2021-03-05T16:32:29.060Z] >>> [apiv2][query] GET https://firebase.googleapis.com/v1beta1/projects/toppturinfo/adminSdkConfig [none]
[debug] [2021-03-05T16:32:29.576Z] <<< [apiv2][status] GET https://firebase.googleapis.com/v1beta1/projects/toppturinfo/adminSdkConfig 200
[debug] [2021-03-05T16:32:29.577Z] <<< [apiv2][body] GET https://firebase.googleapis.com/v1beta1/projects/toppturinfo/adminSdkConfig {"projectId":"toppturinfo","storageBucket":"toppturinfo.appspot.com","locationId":"europe-west"}
[debug] [2021-03-05T16:32:33.602Z] Ignoring unsupported arg: auto_download {"metadata":{"emulator":{"name":"ui"},"message":"Ignoring unsupported arg: auto_download"}}
[debug] [2021-03-05T16:32:33.603Z] Ignoring unsupported arg: port {"metadata":{"emulator":{"name":"ui"},"message":"Ignoring unsupported arg: port"}}
[debug] [2021-03-05T16:32:33.603Z] Starting Emulator UI with command {"binary":"node","args":["C:\\Users\\ecv\\.cache\\firebase\\emulators\\ui-v1.4.1\\server.bundle.js"],"optionalArgs":[],"joinArgs":false} {"metadata":{"emulator":{"name":"ui"},"message":"Starting Emulator UI with command {\"binary\":\"node\",\"args\":[\"C:\\\\Users\\\\ecv\\\\.cache\\\\firebase\\\\emulators\\\\ui-v1.4.1\\\\server.bundle.js\"],\"optionalArgs\":[],\"joinArgs\":false}"}}
[info] i  ui: Emulator UI logging to ui-debug.log {"metadata":{"emulator":{"name":"ui"},"message":"Emulator UI logging to \u001b[1mui-debug.log\u001b[22m"}}
[debug] [2021-03-05T16:32:33.782Z] Web / API server started at http://localhost:4000
 {"metadata":{"emulator":{"name":"ui"},"message":"Web / API server started at http://localhost:4000\n"}}
[info] i  functions: Watching "C:\Users\ecv\old-weather\functions" for Cloud Functions... {"metadata":{"emulator":{"name":"functions"},"message":"Watching \"C:\\Users\\ecv\\old-weather\\functions\" for Cloud Functions..."}}
[debug] [2021-03-05T16:32:34.139Z] [worker-pool] addWorker(~diagnostic~) {"metadata":{"emulator":{"name":"functions"},"message":"[worker-pool] addWorker(~diagnostic~)"}}
[debug] [2021-03-05T16:32:34.140Z] [worker-pool] Adding worker with key ~diagnostic~, total=1 {"metadata":{"emulator":{"name":"functions"},"message":"[worker-pool] Adding worker with key ~diagnostic~, total=1"}}
[debug] [2021-03-05T16:32:34.140Z] [worker-pool] submitWork(triggerId=) {"metadata":{"emulator":{"name":"functions"},"message":"[worker-pool] submitWork(triggerId=)"}}
[debug] [2021-03-05T16:32:34.141Z] [worker-~diagnostic~-6c266acb-0ef4-4a96-8739-a0777454eacc]: Assigning socketPath: \\?\pipe\C:\Users\ecv\old-weather\functions\10176 {"metadata":{"emulator":{"name":"functions"},"message":"[worker-~diagnostic~-6c266acb-0ef4-4a96-8739-a0777454eacc]: Assigning socketPath: \\\\?\\pipe\\C:\\Users\\ecv\\old-weather\\functions\\10176"}}
[debug] [2021-03-05T16:32:34.141Z] [worker-~diagnostic~-6c266acb-0ef4-4a96-8739-a0777454eacc]: BUSY {"metadata":{"emulator":{"name":"functions"},"message":"[worker-~diagnostic~-6c266acb-0ef4-4a96-8739-a0777454eacc]: BUSY"}}
[debug] [2021-03-05T16:32:34.839Z] [runtime-status] [10176] Functions runtime initialized. {"cwd":"C:\\Users\\ecv\\old-weather\\functions","node_version":"12.18.0"} {"metadata":{"emulator":{"name":"functions"},"message":"[runtime-status] [10176] Functions runtime initialized. {\"cwd\":\"C:\\\\Users\\\\ecv\\\\old-weather\\\\functions\",\"node_version\":\"12.18.0\"}"}}
[debug] [2021-03-05T16:32:34.847Z] [runtime-status] [10176] Disabled runtime features: undefined {"metadata":{"emulator":{"name":"functions"},"message":"[runtime-status] [10176] Disabled runtime features: undefined"}}
[debug] [2021-03-05T16:32:34.865Z] [runtime-status] [10176] Resolved module firebase-admin {"declared":true,"installed":true,"version":"9.5.0","resolution":"C:\\Users\\ecv\\old-weather\\functions\\node_modules\\firebase-admin\\lib\\index.js"} {"metadata":{"emulator":{"name":"functions"},"message":"[runtime-status] [10176] Resolved module firebase-admin {\"declared\":true,\"installed\":true,\"version\":\"9.5.0\",\"resolution\":\"C:\\\\Users\\\\ecv\\\\old-weather\\\\functions\\\\node_modules\\\\firebase-admin\\\\lib\\\\index.js\"}"}}
[debug] [2021-03-05T16:32:34.875Z] [runtime-status] [10176] Resolved module firebase-functions {"declared":true,"installed":true,"version":"3.13.1","resolution":"C:\\Users\\ecv\\old-weather\\functions\\node_modules\\firebase-functions\\lib\\index.js"} {"metadata":{"emulator":{"name":"functions"},"message":"[runtime-status] [10176] Resolved module firebase-functions {\"declared\":true,\"installed\":true,\"version\":\"3.13.1\",\"resolution\":\"C:\\\\Users\\\\ecv\\\\old-weather\\\\functions\\\\node_modules\\\\firebase-functions\\\\lib\\\\index.js\"}"}}
[warn] !  Found .runtimeconfig.json but the JSON format is invalid. {"metadata":{"emulator":{"name":"functions"},"message":"Found .runtimeconfig.json but the JSON format is invalid."}}
[debug] [2021-03-05T16:32:34.883Z] [runtime-status] [10176] Resolved module firebase-functions {"declared":true,"installed":true,"version":"3.13.1","resolution":"C:\\Users\\ecv\\old-weather\\functions\\node_modules\\firebase-functions\\lib\\index.js"} {"metadata":{"emulator":{"name":"functions"},"message":"[runtime-status] [10176] Resolved module firebase-functions {\"declared\":true,\"installed\":true,\"version\":\"3.13.1\",\"resolution\":\"C:\\\\Users\\\\ecv\\\\old-weather\\\\functions\\\\node_modules\\\\firebase-functions\\\\lib\\\\index.js\"}"}}
[debug] [2021-03-05T16:32:34.893Z] [runtime-status] [10176] Outgoing network have been stubbed. [{"name":"http","status":"mocked"},{"name":"http","status":"mocked"},{"name":"https","status":"mocked"},{"name":"https","status":"mocked"},{"name":"net","status":"mocked"}] {"metadata":{"emulator":{"name":"functions"},"message":"[runtime-status] [10176] Outgoing network have been stubbed. [{\"name\":\"http\",\"status\":\"mocked\"},{\"name\":\"http\",\"status\":\"mocked\"},{\"name\":\"https\",\"status\":\"mocked\"},{\"name\":\"https\",\"status\":\"mocked\"},{\"name\":\"net\",\"status\":\"mocked\"}]"}}
[debug] [2021-03-05T16:32:34.899Z] [runtime-status] [10176] Resolved module firebase-functions {"declared":true,"installed":true,"version":"3.13.1","resolution":"C:\\Users\\ecv\\old-weather\\functions\\node_modules\\firebase-functions\\lib\\index.js"} {"metadata":{"emulator":{"name":"functions"},"message":"[runtime-status] [10176] Resolved module firebase-functions {\"declared\":true,\"installed\":true,\"version\":\"3.13.1\",\"resolution\":\"C:\\\\Users\\\\ecv\\\\old-weather\\\\functions\\\\node_modules\\\\firebase-functions\\\\lib\\\\index.js\"}"}}
[debug] [2021-03-05T16:32:35.135Z] [runtime-status] [10176] Checked functions.config() {"config":{}} {"metadata":{"emulator":{"name":"functions"},"message":"[runtime-status] [10176] Checked functions.config() {\"config\":{}}"}}
[debug] [2021-03-05T16:32:35.139Z] [runtime-status] [10176] firebase-functions has been stubbed. {"functionsResolution":{"declared":true,"installed":true,"version":"3.13.1","resolution":"C:\\Users\\ecv\\old-weather\\functions\\node_modules\\firebase-functions\\lib\\index.js"}} {"metadata":{"emulator":{"name":"functions"},"message":"[runtime-status] [10176] firebase-functions has been stubbed. {\"functionsResolution\":{\"declared\":true,\"installed\":true,\"version\":\"3.13.1\",\"resolution\":\"C:\\\\Users\\\\ecv\\\\old-weather\\\\functions\\\\node_modules\\\\firebase-functions\\\\lib\\\\index.js\"}}"}}
[debug] [2021-03-05T16:32:35.142Z] [runtime-status] [10176] Resolved module firebase-functions {"declared":true,"installed":true,"version":"3.13.1","resolution":"C:\\Users\\ecv\\old-weather\\functions\\node_modules\\firebase-functions\\lib\\index.js"} {"metadata":{"emulator":{"name":"functions"},"message":"[runtime-status] [10176] Resolved module firebase-functions {\"declared\":true,\"installed\":true,\"version\":\"3.13.1\",\"resolution\":\"C:\\\\Users\\\\ecv\\\\old-weather\\\\functions\\\\node_modules\\\\firebase-functions\\\\lib\\\\index.js\"}"}}
[debug] [2021-03-05T16:32:35.148Z] [runtime-status] [10176] Resolved module firebase-admin {"declared":true,"installed":true,"version":"9.5.0","resolution":"C:\\Users\\ecv\\old-weather\\functions\\node_modules\\firebase-admin\\lib\\index.js"} {"metadata":{"emulator":{"name":"functions"},"message":"[runtime-status] [10176] Resolved module firebase-admin {\"declared\":true,\"installed\":true,\"version\":\"9.5.0\",\"resolution\":\"C:\\\\Users\\\\ecv\\\\old-weather\\\\functions\\\\node_modules\\\\firebase-admin\\\\lib\\\\index.js\"}"}}
[debug] [2021-03-05T16:32:35.150Z] [runtime-status] [10176] Resolved module firebase-functions {"declared":true,"installed":true,"version":"3.13.1","resolution":"C:\\Users\\ecv\\old-weather\\functions\\node_modules\\firebase-functions\\lib\\index.js"} {"metadata":{"emulator":{"name":"functions"},"message":"[runtime-status] [10176] Resolved module firebase-functions {\"declared\":true,\"installed\":true,\"version\":\"3.13.1\",\"resolution\":\"C:\\\\Users\\\\ecv\\\\old-weather\\\\functions\\\\node_modules\\\\firebase-functions\\\\lib\\\\index.js\"}"}}
[debug] [2021-03-05T16:32:35.150Z] [runtime-status] [10176] firebase-admin has been stubbed. {"adminResolution":{"declared":true,"installed":true,"version":"9.5.0","resolution":"C:\\Users\\ecv\\old-weather\\functions\\node_modules\\firebase-admin\\lib\\index.js"}} {"metadata":{"emulator":{"name":"functions"},"message":"[runtime-status] [10176] firebase-admin has been stubbed. {\"adminResolution\":{\"declared\":true,\"installed\":true,\"version\":\"9.5.0\",\"resolution\":\"C:\\\\Users\\\\ecv\\\\old-weather\\\\functions\\\\node_modules\\\\firebase-admin\\\\lib\\\\index.js\"}}"}}
[info] +  functions[getFrostAccessToken]: http function initialized (http://localhost:5001/toppturinfo/us-central1/getFrostAccessToken). {"metadata":{"emulator":{"name":"functions"},"message":"\u001b[1mhttp\u001b[22m function initialized (http://localhost:5001/toppturinfo/us-central1/getFrostAccessToken)."}}
[info] +  functions[getFrostData]: http function initialized (http://localhost:5001/toppturinfo/us-central1/getFrostData). {"metadata":{"emulator":{"name":"functions"},"message":"\u001b[1mhttp\u001b[22m function initialized (http://localhost:5001/toppturinfo/us-central1/getFrostData)."}}
[info] 
┌─────────────────────────────────────────────────────────────┐
│ ✔  All emulators ready! It is now safe to connect your app. │
│ i  View Emulator UI at http://localhost:4000                │
└─────────────────────────────────────────────────────────────┘

┌───────────┬────────────────┬─────────────────────────────────┐
│ Emulator  │ Host:Port      │ View in Emulator UI             │
├───────────┼────────────────┼─────────────────────────────────┤
│ Functions │ localhost:5001 │ http://localhost:4000/functions │
└───────────┴────────────────┴─────────────────────────────────┘
  Emulator Hub running at localhost:4400
  Other reserved ports: 4500

Issues? Report them at https://github.com/firebase/firebase-tools/issues and attach the *-debug.log files.
 
[debug] [2021-03-05T16:32:35.375Z] [worker-~diagnostic~-6c266acb-0ef4-4a96-8739-a0777454eacc]: IDLE {"metadata":{"emulator":{"name":"functions"},"message":"[worker-~diagnostic~-6c266acb-0ef4-4a96-8739-a0777454eacc]: IDLE"}}
[debug] [2021-03-05T16:35:30.675Z] Received signal SIGHUP 1
